<?xml version="1.0" encoding="UTF-8"?>
<!-- Generated by org.testng.reporters.JUnitXMLReporter -->
<testsuite hostname="TWLADL-0273" ignored="0" name="Test" tests="3" failures="1" timestamp="11 Apr 2021 07:04:58 GMT" time="45.514" errors="0">
  <testcase name="te" time="17.657" classname="Testcases.sampletest"/>
  <testcase name="te1" time="11.842" classname="Testcases.sampletest">
    <failure type="java.lang.AssertionError" message="expected [Car Washh Equipment Supplier | Sonny’s The CarWash Factory] but found [Car Wash Equipment Supplier | Sonny’s The CarWash Factory]">
      <![CDATA[java.lang.AssertionError: expected [Car Washh Equipment Supplier | Sonny’s The CarWash Factory] but found [Car Wash Equipment Supplier | Sonny’s The CarWash Factory]
at Testcases.sampletest.te1(sampletest.java:45)
at java.util.concurrent.FutureTask.run(FutureTask.java:266)
at java.util.concurrent.ThreadPoolExecutor.runWorker(ThreadPoolExecutor.java:1149)
at java.util.concurrent.ThreadPoolExecutor$Worker.run(ThreadPoolExecutor.java:624)
at java.lang.Thread.run(Thread.java:748)
... Removed 22 stack frames]]>
    </failure>
  </testcase> <!-- te1 -->
  <testcase name="te2" time="13.246" classname="Testcases.sampletest"/>
</testsuite> <!-- Test -->
