<?xml version="1.0" encoding="UTF-8"?>
<testsuite xmlns:xsi="http://www.w3.org/2001/XMLSchema-instance" xsi:noNamespaceSchemaLocation="https://maven.apache.org/surefire/maven-surefire-plugin/xsd/surefire-test-report.xsd" name="TestSuite" time="70.324" tests="3" errors="0" skipped="0" failures="1">
  <properties>
[...]
</properties>
  <testcase name="te" classname="Testcases.sampletest" time="17.658"/>
  <testcase name="te1" classname="Testcases.sampletest" time="11.906">
    <failure message="expected [Car Washh Equipment Supplier | Sonny’s The CarWash Factory] but found [Car Wash Equipment Supplier | Sonny’s The CarWash Factory]" type="java.lang.AssertionError">java.lang.AssertionError: expected [Car Washh Equipment Supplier | Sonny’s The CarWash Factory] but found [Car Wash Equipment Supplier | Sonny’s The CarWash Factory]
	at Testcases.sampletest.te1(sampletest.java:45)
</failure>
    <system-out><![CDATA[2021-04-11 12:34:30 INFO  Baseclass:36 - te1: method is started
2021-04-11 12:34:42 INFO  sampletest:42 - browser launch sucess
]]></system-out>
    <system-err><![CDATA[Starting ChromeDriver 89.0.4389.23 (61b08ee2c50024bab004e48d2b1b083cdbdac579-refs/branch-heads/4389@{#294}) on port 34929
Only local connections are allowed.
Please see https://chromedriver.chromium.org/security-considerations for suggestions on keeping ChromeDriver safe.
ChromeDriver was started successfully.
Apr 11, 2021 12:34:31 PM org.openqa.selenium.remote.ProtocolHandshake createSession
INFO: Detected dialect: W3C
]]></system-err>
  </testcase>
  <testcase name="te2" classname="Testcases.sampletest" time="13.244"/>
</testsuite>